<?xml version="1.0" encoding="UTF-8"?>
<testsuite xmlns:xsi="http://www.w3.org/2001/XMLSchema-instance" xsi:noNamespaceSchemaLocation="https://maven.apache.org/surefire/maven-surefire-plugin/xsd/surefire-test-report.xsd" name="com.example.test.TestApplicationTests" time="0.134" tests="0" errors="0" skipped="0" failures="0">
  <properties>
    <property name="sun.desktop" value="gnome"/>
    <property name="awt.toolkit" value="sun.awt.X11.XToolkit"/>
    <property name="java.specification.version" value="11"/>
    <property name="sun.cpu.isalist" value=""/>
    <property name="sun.jnu.encoding" value="UTF-8"/>
    <property name="java.class.path" value="/home/aothatday/Desktop/java/test/target/test-classes:/home/aothatday/Desktop/java/test/target/classes:/home/aothatday/.m2/repository/org/slf4j/slf4j-api/1.7.16/slf4j-api-1.7.16.jar:/home/aothatday/.m2/repository/org/mongodb/mongo-java-driver/3.12.11/mongo-java-driver-3.12.11.jar:/home/aothatday/.m2/repository/org/mobicents/diameter/restcomm-diameter-mux-jar/1.7.1-123/restcomm-diameter-mux-jar-1.7.1-123.jar:/home/aothatday/.m2/repository/org/jboss/jbossas/jboss-as-system-jmx/5.1.0.GA/jboss-as-system-jmx-5.1.0.GA.jar:/home/aothatday/.m2/repository/apache-xerces/xml-apis/2.9.1/xml-apis-2.9.1.jar:/home/aothatday/.m2/repository/org/jboss/logging/jboss-logging-spi/2.1.0.GA/jboss-logging-spi-2.1.0.GA.jar:/home/aothatday/.m2/repository/org/jboss/jboss-common-core/2.2.14.GA/jboss-common-core-2.2.14.GA.jar:/home/aothatday/.m2/repository/org/jboss/jboss-vfs/2.1.2.GA/jboss-vfs-2.1.2.GA.jar:/home/aothatday/.m2/repository/org/jboss/jbossxb/2.0.1.GA/jbossxb-2.0.1.GA.jar:/home/aothatday/.m2/repository/org/jboss/jboss-reflect/2.0.2.GA/jboss-reflect-2.0.2.GA.jar:/home/aothatday/.m2/repository/wutka-dtdparser/dtdparser121/1.2.1/dtdparser121-1.2.1.jar:/home/aothatday/.m2/repository/javax/activation/activation/1.1.1/activation-1.1.1.jar:/home/aothatday/.m2/repository/sun-jaxb/jaxb-api/2.1.9/jaxb-api-2.1.9.jar:/home/aothatday/.m2/repository/org/jboss/deployers/jboss-deployers-core-spi/2.0.7.GA/jboss-deployers-core-spi-2.0.7.GA.jar:/home/aothatday/.m2/repository/org/jboss/deployers/jboss-deployers-impl/2.0.7.GA/jboss-deployers-impl-2.0.7.GA.jar:/home/aothatday/.m2/repository/org/jboss/deployers/jboss-deployers-spi/2.0.7.GA/jboss-deployers-spi-2.0.7.GA.jar:/home/aothatday/.m2/repository/org/jboss/cl/jboss-classloading/2.0.6.GA/jboss-classloading-2.0.6.GA.jar:/home/aothatday/.m2/repository/org/jboss/cl/jboss-classloader/2.0.6.GA/jboss-classloader-2.0.6.GA.jar:/home/aothatday/.m2/repository/org/jboss/jboss-mdr/2.0.1.GA/jboss-mdr-2.0.1.GA.jar:/home/aothatday/.m2/repository/javassist/javassist/3.10.0.GA/javassist-3.10.0.GA.jar:/home/aothatday/.m2/repository/org/jboss/deployers/jboss-deployers-structure-spi/2.0.7.GA/jboss-deployers-structure-spi-2.0.7.GA.jar:/home/aothatday/.m2/repository/org/jboss/deployers/jboss-deployers-client-spi/2.0.7.GA/jboss-deployers-client-spi-2.0.7.GA.jar:/home/aothatday/.m2/repository/org/jboss/integration/jboss-classloading-spi/5.0.3.GA/jboss-classloading-spi-5.0.3.GA.jar:/home/aothatday/.m2/repository/org/jboss/deployers/jboss-deployers-vfs/2.0.7.GA/jboss-deployers-vfs-2.0.7.GA.jar:/home/aothatday/.m2/repository/org/jboss/cl/jboss-classloading-vfs/2.0.6.GA/jboss-classloading-vfs-2.0.6.GA.jar:/home/aothatday/.m2/repository/org/jboss/deployers/jboss-deployers-core/2.0.7.GA/jboss-deployers-core-2.0.7.GA.jar:/home/aothatday/.m2/repository/org/jboss/deployers/jboss-deployers-client/2.0.7.GA/jboss-deployers-client-2.0.7.GA.jar:/home/aothatday/.m2/repository/org/jboss/deployers/jboss-deployers-vfs-spi/2.0.7.GA/jboss-deployers-vfs-spi-2.0.7.GA.jar:/home/aothatday/.m2/repository/stax/stax-api/1.0/stax-api-1.0.jar:/home/aothatday/.m2/repository/org/jboss/jbossas/jboss-as-j2se/5.1.0.GA/jboss-as-j2se-5.1.0.GA.jar:/home/aothatday/.m2/repository/oswego-concurrent/concurrent/1.3.4-jboss-update1/concurrent-1.3.4-jboss-update1.jar:/home/aothatday/.m2/repository/org/jboss/bootstrap/jboss-bootstrap/1.0.0-Beta-3/jboss-bootstrap-1.0.0-Beta-3.jar:/home/aothatday/.m2/repository/org/jboss/man/jboss-managed/2.0.0.GA/jboss-managed-2.0.0.GA.jar:/home/aothatday/.m2/repository/org/jboss/jbossas/jboss-as-system/5.1.0.GA/jboss-as-system-5.1.0.GA.jar:/home/aothatday/.m2/repository/org/jboss/aop/jboss-aop/2.1.1.GA/jboss-aop-2.1.1.GA.jar:/home/aothatday/.m2/repository/org/apache/ant/ant/1.7.0/ant-1.7.0.jar:/home/aothatday/.m2/repository/org/apache/ant/ant-launcher/1.7.0/ant-launcher-1.7.0.jar:/home/aothatday/.m2/repository/qdox/qdox/1.6.1/qdox-1.6.1.jar:/home/aothatday/.m2/repository/trove/trove/2.1.1/trove-2.1.1.jar:/home/aothatday/.m2/repository/org/jboss/logging/jboss-logging-log4j/2.0.5.GA/jboss-logging-log4j-2.0.5.GA.jar:/home/aothatday/.m2/repository/org/jboss/integration/jboss-profileservice-spi/5.1.0.GA/jboss-profileservice-spi-5.1.0.GA.jar:/home/aothatday/.m2/repository/org/jboss/man/jboss-metatype/2.1.0.SP1/jboss-metatype-2.1.0.SP1.jar:/home/aothatday/.m2/repository/org/jboss/microcontainer/jboss-aop-mc-int/2.0.6.GA/jboss-aop-mc-int-2.0.6.GA.jar:/home/aothatday/.m2/repository/org/jboss/jbossas/jboss-as-jmx/5.1.0.GA/jboss-as-jmx-5.1.0.GA.jar:/home/aothatday/.m2/repository/org/jboss/jbossas/jboss-as-j2se/5.1.0.GA/jboss-as-j2se-5.1.0.GA-tests.jar:/home/aothatday/.m2/repository/org/jboss/jbossas/jboss-as-mbeans/5.1.0.GA/jboss-as-mbeans-5.1.0.GA.jar:/home/aothatday/.m2/repository/dom4j/dom4j/1.6.1/dom4j-1.6.1.jar:/home/aothatday/.m2/repository/bcel/bcel/5.1/bcel-5.1.jar:/home/aothatday/.m2/repository/regexp/regexp/1.2/regexp-1.2.jar:/home/aothatday/.m2/repository/org/jboss/test/jboss-test/1.1.4.GA/jboss-test-1.1.4.GA.jar:/home/aothatday/.m2/repository/org/apache/ant/ant-junit/1.7.0/ant-junit-1.7.0.jar:/home/aothatday/.m2/repository/jboss/profiler/jvmti/jboss-profiler-jvmti/1.0.0.CR5/jboss-profiler-jvmti-1.0.0.CR5.jar:/home/aothatday/.m2/repository/org/jboss/jbossas/jboss-server-manager/1.0.2.GA/jboss-server-manager-1.0.2.GA.jar:/home/aothatday/.m2/repository/org/jboss/naming/jnp-client/5.0.1.GA/jnp-client-5.0.1.GA.jar:/home/aothatday/.m2/repository/org/jboss/security/jbosssx-client/2.0.3.SP1/jbosssx-client-2.0.3.SP1.jar:/home/aothatday/.m2/repository/org/jboss/security/jboss-security-spi/2.0.3.SP1/jboss-security-spi-2.0.3.SP1.jar:/home/aothatday/.m2/repository/junit/junit/4.13.2/junit-4.13.2.jar:/home/aothatday/.m2/repository/org/hamcrest/hamcrest-core/2.2/hamcrest-core-2.2.jar:/home/aothatday/.m2/repository/org/jboss/microcontainer/jboss-dependency/2.0.6.GA/jboss-dependency-2.0.6.GA.jar:/home/aothatday/.m2/repository/org/jboss/microcontainer/jboss-kernel/2.0.6.GA/jboss-kernel-2.0.6.GA.jar:/home/aothatday/.m2/repository/org/mobicents/diameter/jdiameter-ha-api/1.7.1-123/jdiameter-ha-api-1.7.1-123.jar:/home/aothatday/.m2/repository/org/restcomm/cluster/timers/1.15.30/timers-1.15.30.jar:/home/aothatday/.m2/repository/org/mobicents/diameter/jdiameter-ha-impl/1.7.1-123/jdiameter-ha-impl-1.7.1-123.jar:/home/aothatday/.m2/repository/org/jboss/cluster/jboss-ha-server-cache-jbc/2.0.0.GA/jboss-ha-server-cache-jbc-2.0.0.GA.jar:/home/aothatday/.m2/repository/org/jboss/cluster/jboss-ha-server-api/1.1.0.GA/jboss-ha-server-api-1.1.0.GA.jar:/home/aothatday/.m2/repository/org/jboss/cluster/jboss-ha-server-cache-spi/2.0.0.GA/jboss-ha-server-cache-spi-2.0.0.GA.jar:/home/aothatday/.m2/repository/jboss/jboss-serialization/1.0.3.GA/jboss-serialization-1.0.3.GA.jar:/home/aothatday/.m2/repository/org/jboss/javaee/jboss-transaction-api/1.0.1.GA/jboss-transaction-api-1.0.1.GA.jar:/home/aothatday/.m2/repository/org/jboss/metadata/jboss-metadata/1.0.0.CR5/jboss-metadata-1.0.0.CR5.jar:/home/aothatday/.m2/repository/org/restcomm/cluster/core/1.15.30/core-1.15.30.jar:/home/aothatday/.m2/repository/org/restcomm/cluster/cache/1.15.30/cache-1.15.30.jar:/home/aothatday/.m2/repository/org/jboss/cache/jbosscache-core/3.1.0.GA/jbosscache-core-3.1.0.GA.jar:/home/aothatday/.m2/repository/jgroups/jgroups/2.6.7.GA/jgroups-2.6.7.GA.jar:/home/aothatday/.m2/repository/javax/transaction/jta/1.1/jta-1.1.jar:/home/aothatday/.m2/repository/commons-logging/commons-logging/1.1.1/commons-logging-1.1.1.jar:/home/aothatday/.m2/repository/org/mobicents/diameter/jdiameter-impl/1.7.1-123/jdiameter-impl-1.7.1-123.jar:/home/aothatday/.m2/repository/org/picocontainer/picocontainer/2.13.5/picocontainer-2.13.5.jar:/home/aothatday/.m2/repository/commons-pool/commons-pool/1.6/commons-pool-1.6.jar:/home/aothatday/.m2/repository/org/mobicents/protocols/sctp/sctp-impl/1.8.15/sctp-impl-1.8.15.jar:/home/aothatday/.m2/repository/log4j/log4j/1.2.8/log4j-1.2.8.jar:/home/aothatday/.m2/repository/javolution/javolution/5.5.1/javolution-5.5.1.jar:/home/aothatday/.m2/repository/org/testng/testng/6.2/testng-6.2.jar:/home/aothatday/.m2/repository/org/beanshell/bsh/2.0b4/bsh-2.0b4.jar:/home/aothatday/.m2/repository/com/beust/jcommander/1.12/jcommander-1.12.jar:/home/aothatday/.m2/repository/org/mobicents/protocols/sctp/sctp-api/1.8.15/sctp-api-1.8.15.jar:/home/aothatday/.m2/repository/org/mobicents/commons/commons/1.0.0.CR1/commons-1.0.0.CR1.jar:/home/aothatday/.m2/repository/io/netty/netty-all/4.1.84.Final/netty-all-4.1.84.Final.jar:/home/aothatday/.m2/repository/io/netty/netty-buffer/4.1.84.Final/netty-buffer-4.1.84.Final.jar:/home/aothatday/.m2/repository/io/netty/netty-codec/4.1.84.Final/netty-codec-4.1.84.Final.jar:/home/aothatday/.m2/repository/io/netty/netty-codec-dns/4.1.84.Final/netty-codec-dns-4.1.84.Final.jar:/home/aothatday/.m2/repository/io/netty/netty-codec-haproxy/4.1.84.Final/netty-codec-haproxy-4.1.84.Final.jar:/home/aothatday/.m2/repository/io/netty/netty-codec-http/4.1.84.Final/netty-codec-http-4.1.84.Final.jar:/home/aothatday/.m2/repository/io/netty/netty-codec-http2/4.1.84.Final/netty-codec-http2-4.1.84.Final.jar:/home/aothatday/.m2/repository/io/netty/netty-codec-memcache/4.1.84.Final/netty-codec-memcache-4.1.84.Final.jar:/home/aothatday/.m2/repository/io/netty/netty-codec-mqtt/4.1.84.Final/netty-codec-mqtt-4.1.84.Final.jar:/home/aothatday/.m2/repository/io/netty/netty-codec-redis/4.1.84.Final/netty-codec-redis-4.1.84.Final.jar:/home/aothatday/.m2/repository/io/netty/netty-codec-smtp/4.1.84.Final/netty-codec-smtp-4.1.84.Final.jar:/home/aothatday/.m2/repository/io/netty/netty-codec-socks/4.1.84.Final/netty-codec-socks-4.1.84.Final.jar:/home/aothatday/.m2/repository/io/netty/netty-codec-stomp/4.1.84.Final/netty-codec-stomp-4.1.84.Final.jar:/home/aothatday/.m2/repository/io/netty/netty-codec-xml/4.1.84.Final/netty-codec-xml-4.1.84.Final.jar:/home/aothatday/.m2/repository/io/netty/netty-common/4.1.84.Final/netty-common-4.1.84.Final.jar:/home/aothatday/.m2/repository/io/netty/netty-handler/4.1.84.Final/netty-handler-4.1.84.Final.jar:/home/aothatday/.m2/repository/io/netty/netty-transport-native-unix-common/4.1.84.Final/netty-transport-native-unix-common-4.1.84.Final.jar:/home/aothatday/.m2/repository/io/netty/netty-handler-proxy/4.1.84.Final/netty-handler-proxy-4.1.84.Final.jar:/home/aothatday/.m2/repository/io/netty/netty-resolver/4.1.84.Final/netty-resolver-4.1.84.Final.jar:/home/aothatday/.m2/repository/io/netty/netty-resolver-dns/4.1.84.Final/netty-resolver-dns-4.1.84.Final.jar:/home/aothatday/.m2/repository/io/netty/netty-transport/4.1.84.Final/netty-transport-4.1.84.Final.jar:/home/aothatday/.m2/repository/io/netty/netty-transport-rxtx/4.1.84.Final/netty-transport-rxtx-4.1.84.Final.jar:/home/aothatday/.m2/repository/io/netty/netty-transport-sctp/4.1.84.Final/netty-transport-sctp-4.1.84.Final.jar:/home/aothatday/.m2/repository/io/netty/netty-transport-udt/4.1.84.Final/netty-transport-udt-4.1.84.Final.jar:/home/aothatday/.m2/repository/io/netty/netty-transport-classes-epoll/4.1.84.Final/netty-transport-classes-epoll-4.1.84.Final.jar:/home/aothatday/.m2/repository/io/netty/netty-transport-classes-kqueue/4.1.84.Final/netty-transport-classes-kqueue-4.1.84.Final.jar:/home/aothatday/.m2/repository/io/netty/netty-resolver-dns-classes-macos/4.1.84.Final/netty-resolver-dns-classes-macos-4.1.84.Final.jar:/home/aothatday/.m2/repository/io/netty/netty-transport-native-epoll/4.1.84.Final/netty-transport-native-epoll-4.1.84.Final-linux-x86_64.jar:/home/aothatday/.m2/repository/io/netty/netty-transport-native-epoll/4.1.84.Final/netty-transport-native-epoll-4.1.84.Final-linux-aarch_64.jar:/home/aothatday/.m2/repository/io/netty/netty-transport-native-kqueue/4.1.84.Final/netty-transport-native-kqueue-4.1.84.Final-osx-x86_64.jar:/home/aothatday/.m2/repository/io/netty/netty-transport-native-kqueue/4.1.84.Final/netty-transport-native-kqueue-4.1.84.Final-osx-aarch_64.jar:/home/aothatday/.m2/repository/io/netty/netty-resolver-dns-native-macos/4.1.84.Final/netty-resolver-dns-native-macos-4.1.84.Final-osx-x86_64.jar:/home/aothatday/.m2/repository/io/netty/netty-resolver-dns-native-macos/4.1.84.Final/netty-resolver-dns-native-macos-4.1.84.Final-osx-aarch_64.jar:/home/aothatday/.m2/repository/org/mobicents/diameter/jdiameter-api/1.7.1-123/jdiameter-api-1.7.1-123.jar:/home/aothatday/.m2/repository/org/springframework/boot/spring-boot-starter/2.7.5/spring-boot-starter-2.7.5.jar:/home/aothatday/.m2/repository/org/springframework/boot/spring-boot/2.7.5/spring-boot-2.7.5.jar:/home/aothatday/.m2/repository/org/springframework/spring-context/5.3.23/spring-context-5.3.23.jar:/home/aothatday/.m2/repository/org/springframework/spring-aop/5.3.23/spring-aop-5.3.23.jar:/home/aothatday/.m2/repository/org/springframework/spring-beans/5.3.23/spring-beans-5.3.23.jar:/home/aothatday/.m2/repository/org/springframework/spring-expression/5.3.23/spring-expression-5.3.23.jar:/home/aothatday/.m2/repository/org/springframework/boot/spring-boot-autoconfigure/2.7.5/spring-boot-autoconfigure-2.7.5.jar:/home/aothatday/.m2/repository/org/springframework/boot/spring-boot-starter-logging/2.7.5/spring-boot-starter-logging-2.7.5.jar:/home/aothatday/.m2/repository/ch/qos/logback/logback-classic/1.2.11/logback-classic-1.2.11.jar:/home/aothatday/.m2/repository/ch/qos/logback/logback-core/1.2.11/logback-core-1.2.11.jar:/home/aothatday/.m2/repository/org/apache/logging/log4j/log4j-to-slf4j/2.17.2/log4j-to-slf4j-2.17.2.jar:/home/aothatday/.m2/repository/org/apache/logging/log4j/log4j-api/2.17.2/log4j-api-2.17.2.jar:/home/aothatday/.m2/repository/org/slf4j/jul-to-slf4j/1.7.36/jul-to-slf4j-1.7.36.jar:/home/aothatday/.m2/repository/jakarta/annotation/jakarta.annotation-api/1.3.5/jakarta.annotation-api-1.3.5.jar:/home/aothatday/.m2/repository/org/springframework/spring-core/5.3.23/spring-core-5.3.23.jar:/home/aothatday/.m2/repository/org/springframework/spring-jcl/5.3.23/spring-jcl-5.3.23.jar:/home/aothatday/.m2/repository/org/yaml/snakeyaml/1.30/snakeyaml-1.30.jar:/home/aothatday/.m2/repository/org/springframework/boot/spring-boot-starter-test/2.7.5/spring-boot-starter-test-2.7.5.jar:/home/aothatday/.m2/repository/org/springframework/boot/spring-boot-test/2.7.5/spring-boot-test-2.7.5.jar:/home/aothatday/.m2/repository/org/springframework/boot/spring-boot-test-autoconfigure/2.7.5/spring-boot-test-autoconfigure-2.7.5.jar:/home/aothatday/.m2/repository/com/jayway/jsonpath/json-path/2.7.0/json-path-2.7.0.jar:/home/aothatday/.m2/repository/net/minidev/json-smart/2.4.8/json-smart-2.4.8.jar:/home/aothatday/.m2/repository/net/minidev/accessors-smart/2.4.8/accessors-smart-2.4.8.jar:/home/aothatday/.m2/repository/org/ow2/asm/asm/9.1/asm-9.1.jar:/home/aothatday/.m2/repository/jakarta/xml/bind/jakarta.xml.bind-api/2.3.3/jakarta.xml.bind-api-2.3.3.jar:/home/aothatday/.m2/repository/jakarta/activation/jakarta.activation-api/1.2.2/jakarta.activation-api-1.2.2.jar:/home/aothatday/.m2/repository/org/assertj/assertj-core/3.22.0/assertj-core-3.22.0.jar:/home/aothatday/.m2/repository/org/hamcrest/hamcrest/2.2/hamcrest-2.2.jar:/home/aothatday/.m2/repository/org/junit/jupiter/junit-jupiter/5.8.2/junit-jupiter-5.8.2.jar:/home/aothatday/.m2/repository/org/junit/jupiter/junit-jupiter-api/5.8.2/junit-jupiter-api-5.8.2.jar:/home/aothatday/.m2/repository/org/opentest4j/opentest4j/1.2.0/opentest4j-1.2.0.jar:/home/aothatday/.m2/repository/org/junit/platform/junit-platform-commons/1.8.2/junit-platform-commons-1.8.2.jar:/home/aothatday/.m2/repository/org/apiguardian/apiguardian-api/1.1.2/apiguardian-api-1.1.2.jar:/home/aothatday/.m2/repository/org/junit/jupiter/junit-jupiter-params/5.8.2/junit-jupiter-params-5.8.2.jar:/home/aothatday/.m2/repository/org/junit/jupiter/junit-jupiter-engine/5.8.2/junit-jupiter-engine-5.8.2.jar:/home/aothatday/.m2/repository/org/junit/platform/junit-platform-engine/1.8.2/junit-platform-engine-1.8.2.jar:/home/aothatday/.m2/repository/org/mockito/mockito-core/4.5.1/mockito-core-4.5.1.jar:/home/aothatday/.m2/repository/net/bytebuddy/byte-buddy/1.12.18/byte-buddy-1.12.18.jar:/home/aothatday/.m2/repository/net/bytebuddy/byte-buddy-agent/1.12.18/byte-buddy-agent-1.12.18.jar:/home/aothatday/.m2/repository/org/objenesis/objenesis/3.2/objenesis-3.2.jar:/home/aothatday/.m2/repository/org/mockito/mockito-junit-jupiter/4.5.1/mockito-junit-jupiter-4.5.1.jar:/home/aothatday/.m2/repository/org/skyscreamer/jsonassert/1.5.1/jsonassert-1.5.1.jar:/home/aothatday/.m2/repository/com/vaadin/external/google/android-json/0.0.20131108.vaadin1/android-json-0.0.20131108.vaadin1.jar:/home/aothatday/.m2/repository/org/springframework/spring-test/5.3.23/spring-test-5.3.23.jar:/home/aothatday/.m2/repository/org/xmlunit/xmlunit-core/2.9.0/xmlunit-core-2.9.0.jar:"/>
    <property name="java.vm.vendor" value="Ubuntu"/>
    <property name="sun.arch.data.model" value="64"/>
    <property name="java.vendor.url" value="https://ubuntu.com/"/>
    <property name="user.timezone" value=""/>
    <property name="java.vm.specification.version" value="11"/>
    <property name="os.name" value="Linux"/>
    <property name="sun.java.launcher" value="SUN_STANDARD"/>
    <property name="user.country" value="US"/>
    <property name="sun.boot.library.path" value="/usr/lib/jvm/java-11-openjdk-amd64/lib"/>
    <property name="sun.java.command" value="/home/aothatday/Desktop/java/test/target/surefire/surefirebooter2327255233859664707.jar /home/aothatday/Desktop/java/test/target/surefire 2022-11-02T17-23-59_888-jvmRun1 surefire5814005173983116724tmp surefire_010732318056656271041tmp"/>
    <property name="jdk.debug" value="release"/>
    <property name="surefire.test.class.path" value="/home/aothatday/Desktop/java/test/target/test-classes:/home/aothatday/Desktop/java/test/target/classes:/home/aothatday/.m2/repository/org/slf4j/slf4j-api/1.7.16/slf4j-api-1.7.16.jar:/home/aothatday/.m2/repository/org/mongodb/mongo-java-driver/3.12.11/mongo-java-driver-3.12.11.jar:/home/aothatday/.m2/repository/org/mobicents/diameter/restcomm-diameter-mux-jar/1.7.1-123/restcomm-diameter-mux-jar-1.7.1-123.jar:/home/aothatday/.m2/repository/org/jboss/jbossas/jboss-as-system-jmx/5.1.0.GA/jboss-as-system-jmx-5.1.0.GA.jar:/home/aothatday/.m2/repository/apache-xerces/xml-apis/2.9.1/xml-apis-2.9.1.jar:/home/aothatday/.m2/repository/org/jboss/logging/jboss-logging-spi/2.1.0.GA/jboss-logging-spi-2.1.0.GA.jar:/home/aothatday/.m2/repository/org/jboss/jboss-common-core/2.2.14.GA/jboss-common-core-2.2.14.GA.jar:/home/aothatday/.m2/repository/org/jboss/jboss-vfs/2.1.2.GA/jboss-vfs-2.1.2.GA.jar:/home/aothatday/.m2/repository/org/jboss/jbossxb/2.0.1.GA/jbossxb-2.0.1.GA.jar:/home/aothatday/.m2/repository/org/jboss/jboss-reflect/2.0.2.GA/jboss-reflect-2.0.2.GA.jar:/home/aothatday/.m2/repository/wutka-dtdparser/dtdparser121/1.2.1/dtdparser121-1.2.1.jar:/home/aothatday/.m2/repository/javax/activation/activation/1.1.1/activation-1.1.1.jar:/home/aothatday/.m2/repository/sun-jaxb/jaxb-api/2.1.9/jaxb-api-2.1.9.jar:/home/aothatday/.m2/repository/org/jboss/deployers/jboss-deployers-core-spi/2.0.7.GA/jboss-deployers-core-spi-2.0.7.GA.jar:/home/aothatday/.m2/repository/org/jboss/deployers/jboss-deployers-impl/2.0.7.GA/jboss-deployers-impl-2.0.7.GA.jar:/home/aothatday/.m2/repository/org/jboss/deployers/jboss-deployers-spi/2.0.7.GA/jboss-deployers-spi-2.0.7.GA.jar:/home/aothatday/.m2/repository/org/jboss/cl/jboss-classloading/2.0.6.GA/jboss-classloading-2.0.6.GA.jar:/home/aothatday/.m2/repository/org/jboss/cl/jboss-classloader/2.0.6.GA/jboss-classloader-2.0.6.GA.jar:/home/aothatday/.m2/repository/org/jboss/jboss-mdr/2.0.1.GA/jboss-mdr-2.0.1.GA.jar:/home/aothatday/.m2/repository/javassist/javassist/3.10.0.GA/javassist-3.10.0.GA.jar:/home/aothatday/.m2/repository/org/jboss/deployers/jboss-deployers-structure-spi/2.0.7.GA/jboss-deployers-structure-spi-2.0.7.GA.jar:/home/aothatday/.m2/repository/org/jboss/deployers/jboss-deployers-client-spi/2.0.7.GA/jboss-deployers-client-spi-2.0.7.GA.jar:/home/aothatday/.m2/repository/org/jboss/integration/jboss-classloading-spi/5.0.3.GA/jboss-classloading-spi-5.0.3.GA.jar:/home/aothatday/.m2/repository/org/jboss/deployers/jboss-deployers-vfs/2.0.7.GA/jboss-deployers-vfs-2.0.7.GA.jar:/home/aothatday/.m2/repository/org/jboss/cl/jboss-classloading-vfs/2.0.6.GA/jboss-classloading-vfs-2.0.6.GA.jar:/home/aothatday/.m2/repository/org/jboss/deployers/jboss-deployers-core/2.0.7.GA/jboss-deployers-core-2.0.7.GA.jar:/home/aothatday/.m2/repository/org/jboss/deployers/jboss-deployers-client/2.0.7.GA/jboss-deployers-client-2.0.7.GA.jar:/home/aothatday/.m2/repository/org/jboss/deployers/jboss-deployers-vfs-spi/2.0.7.GA/jboss-deployers-vfs-spi-2.0.7.GA.jar:/home/aothatday/.m2/repository/stax/stax-api/1.0/stax-api-1.0.jar:/home/aothatday/.m2/repository/org/jboss/jbossas/jboss-as-j2se/5.1.0.GA/jboss-as-j2se-5.1.0.GA.jar:/home/aothatday/.m2/repository/oswego-concurrent/concurrent/1.3.4-jboss-update1/concurrent-1.3.4-jboss-update1.jar:/home/aothatday/.m2/repository/org/jboss/bootstrap/jboss-bootstrap/1.0.0-Beta-3/jboss-bootstrap-1.0.0-Beta-3.jar:/home/aothatday/.m2/repository/org/jboss/man/jboss-managed/2.0.0.GA/jboss-managed-2.0.0.GA.jar:/home/aothatday/.m2/repository/org/jboss/jbossas/jboss-as-system/5.1.0.GA/jboss-as-system-5.1.0.GA.jar:/home/aothatday/.m2/repository/org/jboss/aop/jboss-aop/2.1.1.GA/jboss-aop-2.1.1.GA.jar:/home/aothatday/.m2/repository/org/apache/ant/ant/1.7.0/ant-1.7.0.jar:/home/aothatday/.m2/repository/org/apache/ant/ant-launcher/1.7.0/ant-launcher-1.7.0.jar:/home/aothatday/.m2/repository/qdox/qdox/1.6.1/qdox-1.6.1.jar:/home/aothatday/.m2/repository/trove/trove/2.1.1/trove-2.1.1.jar:/home/aothatday/.m2/repository/org/jboss/logging/jboss-logging-log4j/2.0.5.GA/jboss-logging-log4j-2.0.5.GA.jar:/home/aothatday/.m2/repository/org/jboss/integration/jboss-profileservice-spi/5.1.0.GA/jboss-profileservice-spi-5.1.0.GA.jar:/home/aothatday/.m2/repository/org/jboss/man/jboss-metatype/2.1.0.SP1/jboss-metatype-2.1.0.SP1.jar:/home/aothatday/.m2/repository/org/jboss/microcontainer/jboss-aop-mc-int/2.0.6.GA/jboss-aop-mc-int-2.0.6.GA.jar:/home/aothatday/.m2/repository/org/jboss/jbossas/jboss-as-jmx/5.1.0.GA/jboss-as-jmx-5.1.0.GA.jar:/home/aothatday/.m2/repository/org/jboss/jbossas/jboss-as-j2se/5.1.0.GA/jboss-as-j2se-5.1.0.GA-tests.jar:/home/aothatday/.m2/repository/org/jboss/jbossas/jboss-as-mbeans/5.1.0.GA/jboss-as-mbeans-5.1.0.GA.jar:/home/aothatday/.m2/repository/dom4j/dom4j/1.6.1/dom4j-1.6.1.jar:/home/aothatday/.m2/repository/bcel/bcel/5.1/bcel-5.1.jar:/home/aothatday/.m2/repository/regexp/regexp/1.2/regexp-1.2.jar:/home/aothatday/.m2/repository/org/jboss/test/jboss-test/1.1.4.GA/jboss-test-1.1.4.GA.jar:/home/aothatday/.m2/repository/org/apache/ant/ant-junit/1.7.0/ant-junit-1.7.0.jar:/home/aothatday/.m2/repository/jboss/profiler/jvmti/jboss-profiler-jvmti/1.0.0.CR5/jboss-profiler-jvmti-1.0.0.CR5.jar:/home/aothatday/.m2/repository/org/jboss/jbossas/jboss-server-manager/1.0.2.GA/jboss-server-manager-1.0.2.GA.jar:/home/aothatday/.m2/repository/org/jboss/naming/jnp-client/5.0.1.GA/jnp-client-5.0.1.GA.jar:/home/aothatday/.m2/repository/org/jboss/security/jbosssx-client/2.0.3.SP1/jbosssx-client-2.0.3.SP1.jar:/home/aothatday/.m2/repository/org/jboss/security/jboss-security-spi/2.0.3.SP1/jboss-security-spi-2.0.3.SP1.jar:/home/aothatday/.m2/repository/junit/junit/4.13.2/junit-4.13.2.jar:/home/aothatday/.m2/repository/org/hamcrest/hamcrest-core/2.2/hamcrest-core-2.2.jar:/home/aothatday/.m2/repository/org/jboss/microcontainer/jboss-dependency/2.0.6.GA/jboss-dependency-2.0.6.GA.jar:/home/aothatday/.m2/repository/org/jboss/microcontainer/jboss-kernel/2.0.6.GA/jboss-kernel-2.0.6.GA.jar:/home/aothatday/.m2/repository/org/mobicents/diameter/jdiameter-ha-api/1.7.1-123/jdiameter-ha-api-1.7.1-123.jar:/home/aothatday/.m2/repository/org/restcomm/cluster/timers/1.15.30/timers-1.15.30.jar:/home/aothatday/.m2/repository/org/mobicents/diameter/jdiameter-ha-impl/1.7.1-123/jdiameter-ha-impl-1.7.1-123.jar:/home/aothatday/.m2/repository/org/jboss/cluster/jboss-ha-server-cache-jbc/2.0.0.GA/jboss-ha-server-cache-jbc-2.0.0.GA.jar:/home/aothatday/.m2/repository/org/jboss/cluster/jboss-ha-server-api/1.1.0.GA/jboss-ha-server-api-1.1.0.GA.jar:/home/aothatday/.m2/repository/org/jboss/cluster/jboss-ha-server-cache-spi/2.0.0.GA/jboss-ha-server-cache-spi-2.0.0.GA.jar:/home/aothatday/.m2/repository/jboss/jboss-serialization/1.0.3.GA/jboss-serialization-1.0.3.GA.jar:/home/aothatday/.m2/repository/org/jboss/javaee/jboss-transaction-api/1.0.1.GA/jboss-transaction-api-1.0.1.GA.jar:/home/aothatday/.m2/repository/org/jboss/metadata/jboss-metadata/1.0.0.CR5/jboss-metadata-1.0.0.CR5.jar:/home/aothatday/.m2/repository/org/restcomm/cluster/core/1.15.30/core-1.15.30.jar:/home/aothatday/.m2/repository/org/restcomm/cluster/cache/1.15.30/cache-1.15.30.jar:/home/aothatday/.m2/repository/org/jboss/cache/jbosscache-core/3.1.0.GA/jbosscache-core-3.1.0.GA.jar:/home/aothatday/.m2/repository/jgroups/jgroups/2.6.7.GA/jgroups-2.6.7.GA.jar:/home/aothatday/.m2/repository/javax/transaction/jta/1.1/jta-1.1.jar:/home/aothatday/.m2/repository/commons-logging/commons-logging/1.1.1/commons-logging-1.1.1.jar:/home/aothatday/.m2/repository/org/mobicents/diameter/jdiameter-impl/1.7.1-123/jdiameter-impl-1.7.1-123.jar:/home/aothatday/.m2/repository/org/picocontainer/picocontainer/2.13.5/picocontainer-2.13.5.jar:/home/aothatday/.m2/repository/commons-pool/commons-pool/1.6/commons-pool-1.6.jar:/home/aothatday/.m2/repository/org/mobicents/protocols/sctp/sctp-impl/1.8.15/sctp-impl-1.8.15.jar:/home/aothatday/.m2/repository/log4j/log4j/1.2.8/log4j-1.2.8.jar:/home/aothatday/.m2/repository/javolution/javolution/5.5.1/javolution-5.5.1.jar:/home/aothatday/.m2/repository/org/testng/testng/6.2/testng-6.2.jar:/home/aothatday/.m2/repository/org/beanshell/bsh/2.0b4/bsh-2.0b4.jar:/home/aothatday/.m2/repository/com/beust/jcommander/1.12/jcommander-1.12.jar:/home/aothatday/.m2/repository/org/mobicents/protocols/sctp/sctp-api/1.8.15/sctp-api-1.8.15.jar:/home/aothatday/.m2/repository/org/mobicents/commons/commons/1.0.0.CR1/commons-1.0.0.CR1.jar:/home/aothatday/.m2/repository/io/netty/netty-all/4.1.84.Final/netty-all-4.1.84.Final.jar:/home/aothatday/.m2/repository/io/netty/netty-buffer/4.1.84.Final/netty-buffer-4.1.84.Final.jar:/home/aothatday/.m2/repository/io/netty/netty-codec/4.1.84.Final/netty-codec-4.1.84.Final.jar:/home/aothatday/.m2/repository/io/netty/netty-codec-dns/4.1.84.Final/netty-codec-dns-4.1.84.Final.jar:/home/aothatday/.m2/repository/io/netty/netty-codec-haproxy/4.1.84.Final/netty-codec-haproxy-4.1.84.Final.jar:/home/aothatday/.m2/repository/io/netty/netty-codec-http/4.1.84.Final/netty-codec-http-4.1.84.Final.jar:/home/aothatday/.m2/repository/io/netty/netty-codec-http2/4.1.84.Final/netty-codec-http2-4.1.84.Final.jar:/home/aothatday/.m2/repository/io/netty/netty-codec-memcache/4.1.84.Final/netty-codec-memcache-4.1.84.Final.jar:/home/aothatday/.m2/repository/io/netty/netty-codec-mqtt/4.1.84.Final/netty-codec-mqtt-4.1.84.Final.jar:/home/aothatday/.m2/repository/io/netty/netty-codec-redis/4.1.84.Final/netty-codec-redis-4.1.84.Final.jar:/home/aothatday/.m2/repository/io/netty/netty-codec-smtp/4.1.84.Final/netty-codec-smtp-4.1.84.Final.jar:/home/aothatday/.m2/repository/io/netty/netty-codec-socks/4.1.84.Final/netty-codec-socks-4.1.84.Final.jar:/home/aothatday/.m2/repository/io/netty/netty-codec-stomp/4.1.84.Final/netty-codec-stomp-4.1.84.Final.jar:/home/aothatday/.m2/repository/io/netty/netty-codec-xml/4.1.84.Final/netty-codec-xml-4.1.84.Final.jar:/home/aothatday/.m2/repository/io/netty/netty-common/4.1.84.Final/netty-common-4.1.84.Final.jar:/home/aothatday/.m2/repository/io/netty/netty-handler/4.1.84.Final/netty-handler-4.1.84.Final.jar:/home/aothatday/.m2/repository/io/netty/netty-transport-native-unix-common/4.1.84.Final/netty-transport-native-unix-common-4.1.84.Final.jar:/home/aothatday/.m2/repository/io/netty/netty-handler-proxy/4.1.84.Final/netty-handler-proxy-4.1.84.Final.jar:/home/aothatday/.m2/repository/io/netty/netty-resolver/4.1.84.Final/netty-resolver-4.1.84.Final.jar:/home/aothatday/.m2/repository/io/netty/netty-resolver-dns/4.1.84.Final/netty-resolver-dns-4.1.84.Final.jar:/home/aothatday/.m2/repository/io/netty/netty-transport/4.1.84.Final/netty-transport-4.1.84.Final.jar:/home/aothatday/.m2/repository/io/netty/netty-transport-rxtx/4.1.84.Final/netty-transport-rxtx-4.1.84.Final.jar:/home/aothatday/.m2/repository/io/netty/netty-transport-sctp/4.1.84.Final/netty-transport-sctp-4.1.84.Final.jar:/home/aothatday/.m2/repository/io/netty/netty-transport-udt/4.1.84.Final/netty-transport-udt-4.1.84.Final.jar:/home/aothatday/.m2/repository/io/netty/netty-transport-classes-epoll/4.1.84.Final/netty-transport-classes-epoll-4.1.84.Final.jar:/home/aothatday/.m2/repository/io/netty/netty-transport-classes-kqueue/4.1.84.Final/netty-transport-classes-kqueue-4.1.84.Final.jar:/home/aothatday/.m2/repository/io/netty/netty-resolver-dns-classes-macos/4.1.84.Final/netty-resolver-dns-classes-macos-4.1.84.Final.jar:/home/aothatday/.m2/repository/io/netty/netty-transport-native-epoll/4.1.84.Final/netty-transport-native-epoll-4.1.84.Final-linux-x86_64.jar:/home/aothatday/.m2/repository/io/netty/netty-transport-native-epoll/4.1.84.Final/netty-transport-native-epoll-4.1.84.Final-linux-aarch_64.jar:/home/aothatday/.m2/repository/io/netty/netty-transport-native-kqueue/4.1.84.Final/netty-transport-native-kqueue-4.1.84.Final-osx-x86_64.jar:/home/aothatday/.m2/repository/io/netty/netty-transport-native-kqueue/4.1.84.Final/netty-transport-native-kqueue-4.1.84.Final-osx-aarch_64.jar:/home/aothatday/.m2/repository/io/netty/netty-resolver-dns-native-macos/4.1.84.Final/netty-resolver-dns-native-macos-4.1.84.Final-osx-x86_64.jar:/home/aothatday/.m2/repository/io/netty/netty-resolver-dns-native-macos/4.1.84.Final/netty-resolver-dns-native-macos-4.1.84.Final-osx-aarch_64.jar:/home/aothatday/.m2/repository/org/mobicents/diameter/jdiameter-api/1.7.1-123/jdiameter-api-1.7.1-123.jar:/home/aothatday/.m2/repository/org/springframework/boot/spring-boot-starter/2.7.5/spring-boot-starter-2.7.5.jar:/home/aothatday/.m2/repository/org/springframework/boot/spring-boot/2.7.5/spring-boot-2.7.5.jar:/home/aothatday/.m2/repository/org/springframework/spring-context/5.3.23/spring-context-5.3.23.jar:/home/aothatday/.m2/repository/org/springframework/spring-aop/5.3.23/spring-aop-5.3.23.jar:/home/aothatday/.m2/repository/org/springframework/spring-beans/5.3.23/spring-beans-5.3.23.jar:/home/aothatday/.m2/repository/org/springframework/spring-expression/5.3.23/spring-expression-5.3.23.jar:/home/aothatday/.m2/repository/org/springframework/boot/spring-boot-autoconfigure/2.7.5/spring-boot-autoconfigure-2.7.5.jar:/home/aothatday/.m2/repository/org/springframework/boot/spring-boot-starter-logging/2.7.5/spring-boot-starter-logging-2.7.5.jar:/home/aothatday/.m2/repository/ch/qos/logback/logback-classic/1.2.11/logback-classic-1.2.11.jar:/home/aothatday/.m2/repository/ch/qos/logback/logback-core/1.2.11/logback-core-1.2.11.jar:/home/aothatday/.m2/repository/org/apache/logging/log4j/log4j-to-slf4j/2.17.2/log4j-to-slf4j-2.17.2.jar:/home/aothatday/.m2/repository/org/apache/logging/log4j/log4j-api/2.17.2/log4j-api-2.17.2.jar:/home/aothatday/.m2/repository/org/slf4j/jul-to-slf4j/1.7.36/jul-to-slf4j-1.7.36.jar:/home/aothatday/.m2/repository/jakarta/annotation/jakarta.annotation-api/1.3.5/jakarta.annotation-api-1.3.5.jar:/home/aothatday/.m2/repository/org/springframework/spring-core/5.3.23/spring-core-5.3.23.jar:/home/aothatday/.m2/repository/org/springframework/spring-jcl/5.3.23/spring-jcl-5.3.23.jar:/home/aothatday/.m2/repository/org/yaml/snakeyaml/1.30/snakeyaml-1.30.jar:/home/aothatday/.m2/repository/org/springframework/boot/spring-boot-starter-test/2.7.5/spring-boot-starter-test-2.7.5.jar:/home/aothatday/.m2/repository/org/springframework/boot/spring-boot-test/2.7.5/spring-boot-test-2.7.5.jar:/home/aothatday/.m2/repository/org/springframework/boot/spring-boot-test-autoconfigure/2.7.5/spring-boot-test-autoconfigure-2.7.5.jar:/home/aothatday/.m2/repository/com/jayway/jsonpath/json-path/2.7.0/json-path-2.7.0.jar:/home/aothatday/.m2/repository/net/minidev/json-smart/2.4.8/json-smart-2.4.8.jar:/home/aothatday/.m2/repository/net/minidev/accessors-smart/2.4.8/accessors-smart-2.4.8.jar:/home/aothatday/.m2/repository/org/ow2/asm/asm/9.1/asm-9.1.jar:/home/aothatday/.m2/repository/jakarta/xml/bind/jakarta.xml.bind-api/2.3.3/jakarta.xml.bind-api-2.3.3.jar:/home/aothatday/.m2/repository/jakarta/activation/jakarta.activation-api/1.2.2/jakarta.activation-api-1.2.2.jar:/home/aothatday/.m2/repository/org/assertj/assertj-core/3.22.0/assertj-core-3.22.0.jar:/home/aothatday/.m2/repository/org/hamcrest/hamcrest/2.2/hamcrest-2.2.jar:/home/aothatday/.m2/repository/org/junit/jupiter/junit-jupiter/5.8.2/junit-jupiter-5.8.2.jar:/home/aothatday/.m2/repository/org/junit/jupiter/junit-jupiter-api/5.8.2/junit-jupiter-api-5.8.2.jar:/home/aothatday/.m2/repository/org/opentest4j/opentest4j/1.2.0/opentest4j-1.2.0.jar:/home/aothatday/.m2/repository/org/junit/platform/junit-platform-commons/1.8.2/junit-platform-commons-1.8.2.jar:/home/aothatday/.m2/repository/org/apiguardian/apiguardian-api/1.1.2/apiguardian-api-1.1.2.jar:/home/aothatday/.m2/repository/org/junit/jupiter/junit-jupiter-params/5.8.2/junit-jupiter-params-5.8.2.jar:/home/aothatday/.m2/repository/org/junit/jupiter/junit-jupiter-engine/5.8.2/junit-jupiter-engine-5.8.2.jar:/home/aothatday/.m2/repository/org/junit/platform/junit-platform-engine/1.8.2/junit-platform-engine-1.8.2.jar:/home/aothatday/.m2/repository/org/mockito/mockito-core/4.5.1/mockito-core-4.5.1.jar:/home/aothatday/.m2/repository/net/bytebuddy/byte-buddy/1.12.18/byte-buddy-1.12.18.jar:/home/aothatday/.m2/repository/net/bytebuddy/byte-buddy-agent/1.12.18/byte-buddy-agent-1.12.18.jar:/home/aothatday/.m2/repository/org/objenesis/objenesis/3.2/objenesis-3.2.jar:/home/aothatday/.m2/repository/org/mockito/mockito-junit-jupiter/4.5.1/mockito-junit-jupiter-4.5.1.jar:/home/aothatday/.m2/repository/org/skyscreamer/jsonassert/1.5.1/jsonassert-1.5.1.jar:/home/aothatday/.m2/repository/com/vaadin/external/google/android-json/0.0.20131108.vaadin1/android-json-0.0.20131108.vaadin1.jar:/home/aothatday/.m2/repository/org/springframework/spring-test/5.3.23/spring-test-5.3.23.jar:/home/aothatday/.m2/repository/org/xmlunit/xmlunit-core/2.9.0/xmlunit-core-2.9.0.jar:"/>
    <property name="sun.cpu.endian" value="little"/>
    <property name="user.home" value="/home/aothatday"/>
    <property name="user.language" value="en"/>
    <property name="java.specification.vendor" value="Oracle Corporation"/>
    <property name="java.version.date" value="2022-07-19"/>
    <property name="java.home" value="/usr/lib/jvm/java-11-openjdk-amd64"/>
    <property name="file.separator" value="/"/>
    <property name="basedir" value="/home/aothatday/Desktop/java/test"/>
    <property name="java.vm.compressedOopsMode" value="Zero based"/>
    <property name="line.separator" value="&#10;"/>
    <property name="java.specification.name" value="Java Platform API Specification"/>
    <property name="java.vm.specification.vendor" value="Oracle Corporation"/>
    <property name="java.awt.graphicsenv" value="sun.awt.X11GraphicsEnvironment"/>
    <property name="surefire.real.class.path" value="/home/aothatday/Desktop/java/test/target/surefire/surefirebooter2327255233859664707.jar"/>
    <property name="sun.management.compiler" value="HotSpot 64-Bit Tiered Compilers"/>
    <property name="java.runtime.version" value="11.0.16+8-post-Ubuntu-0ubuntu120.04"/>
    <property name="user.name" value="aothatday"/>
    <property name="path.separator" value=":"/>
    <property name="os.version" value="5.4.0-131-generic"/>
    <property name="java.runtime.name" value="OpenJDK Runtime Environment"/>
    <property name="file.encoding" value="UTF-8"/>
    <property name="java.vm.name" value="OpenJDK 64-Bit Server VM"/>
    <property name="localRepository" value="/home/aothatday/.m2/repository"/>
    <property name="java.vendor.url.bug" value="https://bugs.launchpad.net/ubuntu/+source/openjdk-lts"/>
    <property name="java.io.tmpdir" value="/tmp"/>
    <property name="java.version" value="11.0.16"/>
    <property name="user.dir" value="/home/aothatday/Desktop/java/test"/>
    <property name="os.arch" value="amd64"/>
    <property name="java.vm.specification.name" value="Java Virtual Machine Specification"/>
    <property name="java.awt.printerjob" value="sun.print.PSPrinterJob"/>
    <property name="sun.os.patch.level" value="unknown"/>
    <property name="java.library.path" value="/usr/java/packages/lib:/usr/lib/x86_64-linux-gnu/jni:/lib/x86_64-linux-gnu:/usr/lib/x86_64-linux-gnu:/usr/lib/jni:/lib:/usr/lib"/>
    <property name="java.vm.info" value="mixed mode, sharing"/>
    <property name="java.vendor" value="Ubuntu"/>
    <property name="java.vm.version" value="11.0.16+8-post-Ubuntu-0ubuntu120.04"/>
    <property name="sun.io.unicode.encoding" value="UnicodeLittle"/>
    <property name="java.class.version" value="55.0"/>
  </properties>
</testsuite>